2021-08-06 16:31:09 | [INFO]    | Discordia 2.9.1
2021-08-06 16:31:09 | [INFO]    | Connecting to Discord...
2021-08-06 16:31:10 | [INFO]    | Authenticated as Thembot#2260
2021-08-06 16:31:10 | [INFO]    | Launching shard 0 (1 out of 1)...
2021-08-06 16:31:10 | [INFO]    | Shard 0 : Connected to wss://gateway.discord.gg
2021-08-06 16:31:10 | [INFO]    | Shard 0 : Received HELLO
2021-08-06 16:31:10 | [INFO]    | Shard 0 : Received READY
2021-08-06 16:32:28 | [INFO]    | Discordia 2.9.1
2021-08-06 16:32:28 | [INFO]    | Connecting to Discord...
2021-08-06 16:32:28 | [INFO]    | Authenticated as Thembot#2260
2021-08-06 16:32:28 | [INFO]    | Launching shard 0 (1 out of 1)...
2021-08-06 16:32:29 | [INFO]    | Shard 0 : Connected to wss://gateway.discord.gg
2021-08-06 16:32:29 | [INFO]    | Shard 0 : Received HELLO
2021-08-06 16:32:29 | [INFO]    | Shard 0 : Received READY
2021-08-06 16:36:21 | [INFO]    | Discordia 2.9.1
2021-08-06 16:36:21 | [INFO]    | Connecting to Discord...
2021-08-06 16:36:22 | [INFO]    | Authenticated as Thembot#2260
2021-08-06 16:36:22 | [INFO]    | Launching shard 0 (1 out of 1)...
2021-08-06 16:36:22 | [INFO]    | Shard 0 : Connected to wss://gateway.discord.gg
2021-08-06 16:36:22 | [INFO]    | Shard 0 : Received HELLO
2021-08-06 16:36:22 | [INFO]    | Shard 0 : Received READY
2021-08-06 16:36:41 | [INFO]    | Discordia 2.9.1
2021-08-06 16:36:41 | [INFO]    | Connecting to Discord...
2021-08-06 16:36:42 | [INFO]    | Authenticated as Thembot#2260
2021-08-06 16:36:42 | [INFO]    | Launching shard 0 (1 out of 1)...
2021-08-06 16:36:42 | [INFO]    | Shard 0 : Connected to wss://gateway.discord.gg
2021-08-06 16:36:42 | [INFO]    | Shard 0 : Received HELLO
2021-08-06 16:36:42 | [INFO]    | Shard 0 : Received READY
2021-08-06 16:37:00 | [INFO]    | Discordia 2.9.1
2021-08-06 16:37:00 | [INFO]    | Connecting to Discord...
2021-08-06 16:37:00 | [INFO]    | Authenticated as Thembot#2260
2021-08-06 16:37:00 | [INFO]    | Launching shard 0 (1 out of 1)...
2021-08-06 16:37:00 | [INFO]    | Shard 0 : Connected to wss://gateway.discord.gg
2021-08-06 16:37:00 | [INFO]    | Shard 0 : Received HELLO
2021-08-06 16:37:00 | [INFO]    | Shard 0 : Received READY
2021-08-06 16:46:51 | [INFO]    | Discordia 2.9.1
2021-08-06 16:46:51 | [INFO]    | Connecting to Discord...
2021-08-06 16:46:52 | [INFO]    | Authenticated as Thembot#2260
2021-08-06 16:46:52 | [INFO]    | Launching shard 0 (1 out of 1)...
2021-08-06 16:46:52 | [INFO]    | Shard 0 : Connected to wss://gateway.discord.gg
2021-08-06 16:46:52 | [INFO]    | Shard 0 : Received HELLO
2021-08-06 16:46:52 | [INFO]    | Shard 0 : Received READY
2021-08-06 16:48:00 | [INFO]    | Discordia 2.9.1
2021-08-06 16:48:00 | [INFO]    | Connecting to Discord...
2021-08-06 16:48:00 | [INFO]    | Authenticated as Thembot#2260
2021-08-06 16:48:00 | [INFO]    | Launching shard 0 (1 out of 1)...
2021-08-06 16:48:00 | [INFO]    | Shard 0 : Connected to wss://gateway.discord.gg
2021-08-06 16:48:00 | [INFO]    | Shard 0 : Received HELLO
2021-08-06 16:48:00 | [INFO]    | Shard 0 : Received READY
2021-08-06 16:48:08 | [INFO]    | Discordia 2.9.1
2021-08-06 16:48:08 | [INFO]    | Connecting to Discord...
2021-08-06 16:48:08 | [INFO]    | Authenticated as Thembot#2260
2021-08-06 16:48:08 | [INFO]    | Launching shard 0 (1 out of 1)...
2021-08-06 16:48:09 | [INFO]    | Shard 0 : Connected to wss://gateway.discord.gg
2021-08-06 16:48:09 | [INFO]    | Shard 0 : Received HELLO
2021-08-06 16:48:09 | [INFO]    | Shard 0 : Received READY
2021-08-06 16:49:51 | [INFO]    | Discordia 2.9.1
2021-08-06 16:49:51 | [INFO]    | Connecting to Discord...
2021-08-06 16:49:51 | [INFO]    | Authenticated as Thembot#2260
2021-08-06 16:49:51 | [INFO]    | Launching shard 0 (1 out of 1)...
2021-08-06 16:49:52 | [INFO]    | Shard 0 : Connected to wss://gateway.discord.gg
2021-08-06 16:49:52 | [INFO]    | Shard 0 : Received HELLO
2021-08-06 16:49:52 | [INFO]    | Shard 0 : Received READY
2021-08-06 16:50:35 | [INFO]    | Discordia 2.9.1
2021-08-06 16:50:35 | [INFO]    | Connecting to Discord...
2021-08-06 16:50:35 | [INFO]    | Authenticated as Thembot#2260
2021-08-06 16:50:35 | [INFO]    | Launching shard 0 (1 out of 1)...
2021-08-06 16:50:35 | [INFO]    | Shard 0 : Connected to wss://gateway.discord.gg
2021-08-06 16:50:35 | [INFO]    | Shard 0 : Received HELLO
2021-08-06 16:50:35 | [INFO]    | Shard 0 : Received READY
2021-08-06 16:50:58 | [INFO]    | Discordia 2.9.1
2021-08-06 16:50:58 | [INFO]    | Connecting to Discord...
2021-08-06 16:50:58 | [INFO]    | Authenticated as Thembot#2260
2021-08-06 16:50:58 | [INFO]    | Launching shard 0 (1 out of 1)...
2021-08-06 16:50:58 | [INFO]    | Shard 0 : Connected to wss://gateway.discord.gg
2021-08-06 16:50:58 | [INFO]    | Shard 0 : Received HELLO
2021-08-06 16:50:58 | [INFO]    | Shard 0 : Received READY
2021-08-06 16:51:48 | [INFO]    | Discordia 2.9.1
2021-08-06 16:51:48 | [INFO]    | Connecting to Discord...
2021-08-06 16:51:48 | [INFO]    | Authenticated as Thembot#2260
2021-08-06 16:51:48 | [INFO]    | Launching shard 0 (1 out of 1)...
2021-08-06 16:51:48 | [INFO]    | Shard 0 : Connected to wss://gateway.discord.gg
2021-08-06 16:51:48 | [INFO]    | Shard 0 : Received HELLO
2021-08-06 16:51:49 | [INFO]    | Shard 0 : Received READY
2021-08-06 16:53:15 | [INFO]    | Discordia 2.9.1
2021-08-06 16:53:15 | [INFO]    | Connecting to Discord...
2021-08-06 16:53:15 | [INFO]    | Authenticated as Thembot#2260
2021-08-06 16:53:15 | [INFO]    | Launching shard 0 (1 out of 1)...
2021-08-06 16:53:15 | [INFO]    | Shard 0 : Connected to wss://gateway.discord.gg
2021-08-06 16:53:15 | [INFO]    | Shard 0 : Received HELLO
2021-08-06 16:53:15 | [INFO]    | Shard 0 : Received READY
2021-08-06 16:53:28 | [INFO]    | Discordia 2.9.1
2021-08-06 16:53:28 | [INFO]    | Connecting to Discord...
2021-08-06 16:53:28 | [INFO]    | Authenticated as Thembot#2260
2021-08-06 16:53:28 | [INFO]    | Launching shard 0 (1 out of 1)...
2021-08-06 16:53:28 | [INFO]    | Shard 0 : Connected to wss://gateway.discord.gg
2021-08-06 16:53:28 | [INFO]    | Shard 0 : Received HELLO
2021-08-06 16:53:28 | [INFO]    | Shard 0 : Received READY
2021-08-06 16:54:25 | [INFO]    | Discordia 2.9.1
2021-08-06 16:54:25 | [INFO]    | Connecting to Discord...
2021-08-06 16:54:26 | [INFO]    | Authenticated as Thembot#2260
2021-08-06 16:54:26 | [INFO]    | Launching shard 0 (1 out of 1)...
2021-08-06 16:54:26 | [INFO]    | Shard 0 : Connected to wss://gateway.discord.gg
2021-08-06 16:54:26 | [INFO]    | Shard 0 : Received HELLO
2021-08-06 16:54:26 | [INFO]    | Shard 0 : Received READY
2021-08-06 16:55:11 | [INFO]    | Discordia 2.9.1
2021-08-06 16:55:11 | [INFO]    | Connecting to Discord...
2021-08-06 16:55:11 | [INFO]    | Authenticated as Thembot#2260
2021-08-06 16:55:11 | [INFO]    | Launching shard 0 (1 out of 1)...
2021-08-06 16:55:11 | [INFO]    | Shard 0 : Connected to wss://gateway.discord.gg
2021-08-06 16:55:11 | [INFO]    | Shard 0 : Received HELLO
2021-08-06 16:55:11 | [INFO]    | Shard 0 : Received READY
2021-08-06 16:55:49 | [INFO]    | Discordia 2.9.1
2021-08-06 16:55:49 | [INFO]    | Connecting to Discord...
2021-08-06 16:55:50 | [INFO]    | Authenticated as Thembot#2260
2021-08-06 16:55:50 | [INFO]    | Launching shard 0 (1 out of 1)...
2021-08-06 16:55:50 | [INFO]    | Shard 0 : Connected to wss://gateway.discord.gg
2021-08-06 16:55:50 | [INFO]    | Shard 0 : Received HELLO
2021-08-06 16:55:50 | [INFO]    | Shard 0 : Received READY
2021-08-06 17:31:16 | [INFO]    | Discordia 2.9.1
2021-08-06 17:31:16 | [INFO]    | Connecting to Discord...
2021-08-06 17:31:16 | [INFO]    | Authenticated as Thembot#2260
2021-08-06 17:31:16 | [INFO]    | Launching shard 0 (1 out of 1)...
2021-08-06 17:31:16 | [INFO]    | Shard 0 : Connected to wss://gateway.discord.gg
2021-08-06 17:31:16 | [INFO]    | Shard 0 : Received HELLO
2021-08-06 17:31:16 | [INFO]    | Shard 0 : Received READY
2021-08-06 17:31:46 | [INFO]    | Discordia 2.9.1
2021-08-06 17:31:46 | [INFO]    | Connecting to Discord...
2021-08-06 17:31:46 | [INFO]    | Authenticated as Thembot#2260
2021-08-06 17:31:46 | [INFO]    | Launching shard 0 (1 out of 1)...
2021-08-06 17:31:46 | [INFO]    | Shard 0 : Connected to wss://gateway.discord.gg
2021-08-06 17:31:46 | [INFO]    | Shard 0 : Received HELLO
2021-08-06 17:31:46 | [INFO]    | Shard 0 : Received READY
2021-08-06 17:31:54 | [INFO]    | Discordia 2.9.1
2021-08-06 17:31:54 | [INFO]    | Connecting to Discord...
2021-08-06 17:31:54 | [INFO]    | Authenticated as Thembot#2260
2021-08-06 17:31:54 | [INFO]    | Launching shard 0 (1 out of 1)...
2021-08-06 17:31:54 | [INFO]    | Shard 0 : Connected to wss://gateway.discord.gg
2021-08-06 17:31:54 | [INFO]    | Shard 0 : Received HELLO
2021-08-06 17:31:54 | [INFO]    | Shard 0 : Received READY
2021-08-06 17:32:09 | [INFO]    | Discordia 2.9.1
2021-08-06 17:32:09 | [INFO]    | Connecting to Discord...
2021-08-06 17:32:09 | [INFO]    | Authenticated as Thembot#2260
2021-08-06 17:32:09 | [INFO]    | Launching shard 0 (1 out of 1)...
2021-08-06 17:32:10 | [INFO]    | Shard 0 : Connected to wss://gateway.discord.gg
2021-08-06 17:32:10 | [INFO]    | Shard 0 : Received HELLO
2021-08-06 17:32:10 | [INFO]    | Shard 0 : Received READY
2021-08-06 17:32:25 | [INFO]    | Discordia 2.9.1
2021-08-06 17:32:25 | [INFO]    | Connecting to Discord...
2021-08-06 17:32:25 | [INFO]    | Authenticated as Thembot#2260
2021-08-06 17:32:25 | [INFO]    | Launching shard 0 (1 out of 1)...
2021-08-06 17:32:25 | [INFO]    | Shard 0 : Connected to wss://gateway.discord.gg
2021-08-06 17:32:25 | [INFO]    | Shard 0 : Received HELLO
2021-08-06 17:32:25 | [INFO]    | Shard 0 : Received READY
2021-08-06 17:32:37 | [INFO]    | Discordia 2.9.1
2021-08-06 17:32:37 | [INFO]    | Connecting to Discord...
2021-08-06 17:32:37 | [INFO]    | Authenticated as Thembot#2260
2021-08-06 17:32:37 | [INFO]    | Launching shard 0 (1 out of 1)...
2021-08-06 17:32:37 | [INFO]    | Shard 0 : Connected to wss://gateway.discord.gg
2021-08-06 17:32:37 | [INFO]    | Shard 0 : Received HELLO
2021-08-06 17:32:38 | [INFO]    | Shard 0 : Received READY
2021-08-06 17:33:02 | [INFO]    | Discordia 2.9.1
2021-08-06 17:33:02 | [INFO]    | Connecting to Discord...
2021-08-06 17:33:02 | [INFO]    | Authenticated as Thembot#2260
2021-08-06 17:33:02 | [INFO]    | Launching shard 0 (1 out of 1)...
2021-08-06 17:33:02 | [INFO]    | Shard 0 : Connected to wss://gateway.discord.gg
2021-08-06 17:33:02 | [INFO]    | Shard 0 : Received HELLO
2021-08-06 17:33:02 | [INFO]    | Shard 0 : Received READY
2021-08-06 17:38:00 | [INFO]    | Discordia 2.9.1
2021-08-06 17:38:00 | [INFO]    | Connecting to Discord...
2021-08-06 17:38:00 | [INFO]    | Authenticated as Thembot#2260
2021-08-06 17:38:00 | [INFO]    | Launching shard 0 (1 out of 1)...
2021-08-06 17:38:00 | [INFO]    | Shard 0 : Connected to wss://gateway.discord.gg
2021-08-06 17:38:00 | [INFO]    | Shard 0 : Received HELLO
2021-08-06 17:38:00 | [INFO]    | Shard 0 : Received READY
2021-08-06 17:51:35 | [INFO]    | Discordia 2.9.1
2021-08-06 17:51:35 | [INFO]    | Connecting to Discord...
2021-08-06 17:51:35 | [INFO]    | Authenticated as Thembot#2260
2021-08-06 17:51:35 | [INFO]    | Launching shard 0 (1 out of 1)...
2021-08-06 17:51:35 | [INFO]    | Shard 0 : Connected to wss://gateway.discord.gg
2021-08-06 17:51:35 | [INFO]    | Shard 0 : Received HELLO
2021-08-06 17:51:35 | [INFO]    | Shard 0 : Received READY
2021-08-06 18:02:09 | [INFO]    | Discordia 2.9.1
2021-08-06 18:02:09 | [INFO]    | Connecting to Discord...
2021-08-06 18:02:14 | [INFO]    | Authenticated as Thembot#2260
2021-08-06 18:02:14 | [INFO]    | Launching shard 0 (1 out of 1)...
2021-08-06 18:02:14 | [INFO]    | Shard 0 : Connected to wss://gateway.discord.gg
2021-08-06 18:02:14 | [INFO]    | Shard 0 : Received HELLO
2021-08-06 18:02:14 | [INFO]    | Shard 0 : Received READY
2021-08-06 18:02:55 | [INFO]    | Discordia 2.9.1
2021-08-06 18:02:55 | [INFO]    | Connecting to Discord...
2021-08-06 18:02:55 | [INFO]    | Authenticated as Thembot#2260
2021-08-06 18:02:55 | [INFO]    | Launching shard 0 (1 out of 1)...
2021-08-06 18:02:56 | [INFO]    | Shard 0 : Connected to wss://gateway.discord.gg
2021-08-06 18:02:56 | [INFO]    | Shard 0 : Received HELLO
2021-08-06 18:02:56 | [INFO]    | Shard 0 : Received READY
2021-08-06 18:03:29 | [INFO]    | Discordia 2.9.1
2021-08-06 18:03:29 | [INFO]    | Connecting to Discord...
2021-08-06 18:03:30 | [INFO]    | Authenticated as Thembot#2260
2021-08-06 18:03:30 | [INFO]    | Launching shard 0 (1 out of 1)...
2021-08-06 18:03:30 | [INFO]    | Shard 0 : Connected to wss://gateway.discord.gg
2021-08-06 18:03:30 | [INFO]    | Shard 0 : Received HELLO
2021-08-06 18:03:30 | [INFO]    | Shard 0 : Received READY
